<?xml version="1.0" encoding="UTF-8"?>
<!-- Generated by org.testng.reporters.JUnitReportReporter -->
<testsuite skipped="0" hostname="B2ML39194" name="testcase.testcase1" tests="3" failures="0" timestamp="2021-09-21T15:12:18 IST" time="2.734" errors="0">
  <testcase name="search_fields" time="0.448" classname="testcase.testcase1"/>
  <system-out/>
  <testcase name="search" time="2.271" classname="testcase.testcase1"/>
  <system-out/>
  <testcase name="search2" time="0.015" classname="testcase.testcase1"/>
  <system-out/>
</testsuite> <!-- testcase.testcase1 -->
