<?xml version="1.0" encoding="UTF-8"?>
<!-- Generated by org.testng.reporters.JUnitReportReporter -->
<testsuite skipped="0" hostname="B2ML39194" name="recaptcha.ListView" tests="2" failures="0" timestamp="2021-09-29T18:40:59 IST" time="167.719" errors="0">
  <testcase name="saveSearchListView" time="111.660" classname="recaptcha.ListView"/>
  <system-out/>
  <testcase name="HeartIconinListView" time="56.059" classname="recaptcha.ListView"/>
  <system-out/>
</testsuite> <!-- recaptcha.ListView -->
