<?xml version="1.0" encoding="UTF-8"?>
<!-- Generated by org.testng.reporters.JUnitReportReporter -->
<testsuite skipped="0" hostname="B2ML39194" name="testcase.testcase1" tests="2" failures="0" timestamp="2021-09-20T19:14:36 IST" time="2.488" errors="0">
  <testcase name="search_fields" time="0.379" classname="testcase.testcase1"/>
  <system-out/>
  <testcase name="search" time="2.109" classname="testcase.testcase1"/>
  <system-out/>
</testsuite> <!-- testcase.testcase1 -->
