<?xml version="1.0" encoding="UTF-8"?>
<!-- Generated by org.testng.reporters.JUnitReportReporter -->
<testsuite skipped="0" hostname="B2ML39194" name="testcase.testcase1" tests="3" failures="0" timestamp="2021-09-21T20:31:00 IST" time="3.075" errors="0">
  <testcase name="search_fields" time="0.448" classname="testcase.testcase1"/>
  <system-out/>
  <testcase name="search" time="2.616" classname="testcase.testcase1"/>
  <system-out/>
  <testcase name="search2" time="0.011" classname="testcase.testcase1"/>
  <system-out/>
</testsuite> <!-- testcase.testcase1 -->
